{"/home/danilo/Documentos/Projects/Igma-API/swagger.ts": {"path":"/home/danilo/Documentos/Projects/Igma-API/swagger.ts","statementMap":{"0":{"start":{"line":1,"column":31},"end":{"line":113,"column":2}}},"fnMap":{},"branchMap":{},"s":{"0":1},"f":{},"b":{}}
,"/home/danilo/Documentos/Projects/Igma-API/src/app.ts": {"path":"/home/danilo/Documentos/Projects/Igma-API/src/app.ts","statementMap":{"0":{"start":{"line":3,"column":15},"end":{"line":3,"column":44}},"1":{"start":{"line":5,"column":19},"end":{"line":5,"column":38}}},"fnMap":{},"branchMap":{},"s":{"0":1,"1":1},"f":{},"b":{}}
,"/home/danilo/Documentos/Projects/Igma-API/src/server.ts": {"path":"/home/danilo/Documentos/Projects/Igma-API/src/server.ts","statementMap":{"0":{"start":{"line":15,"column":4},"end":{"line":15,"column":20}},"1":{"start":{"line":16,"column":4},"end":{"line":16,"column":21}},"2":{"start":{"line":17,"column":4},"end":{"line":17,"column":25}},"3":{"start":{"line":18,"column":4},"end":{"line":18,"column":26}},"4":{"start":{"line":19,"column":4},"end":{"line":19,"column":22}},"5":{"start":{"line":23,"column":4},"end":{"line":23,"column":25}},"6":{"start":{"line":24,"column":4},"end":{"line":24,"column":33}},"7":{"start":{"line":25,"column":4},"end":{"line":25,"column":31}},"8":{"start":{"line":26,"column":4},"end":{"line":26,"column":31}},"9":{"start":{"line":30,"column":18},"end":{"line":30,"column":34}},"10":{"start":{"line":31,"column":4},"end":{"line":31,"column":31}},"11":{"start":{"line":33,"column":16},"end":{"line":33,"column":30}},"12":{"start":{"line":34,"column":4},"end":{"line":34,"column":29}},"13":{"start":{"line":36,"column":4},"end":{"line":36,"column":26}},"14":{"start":{"line":40,"column":4},"end":{"line":42,"column":7}},"15":{"start":{"line":41,"column":6},"end":{"line":41,"column":62}}},"fnMap":{"0":{"name":"(anonymous_0)","decl":{"start":{"line":14,"column":2},"end":{"line":14,"column":14}},"loc":{"start":{"line":14,"column":26},"end":{"line":20,"column":3}}},"1":{"name":"(anonymous_1)","decl":{"start":{"line":22,"column":10},"end":{"line":22,"column":24}},"loc":{"start":{"line":22,"column":24},"end":{"line":27,"column":3}}},"2":{"name":"(anonymous_2)","decl":{"start":{"line":29,"column":10},"end":{"line":29,"column":20}},"loc":{"start":{"line":29,"column":20},"end":{"line":37,"column":3}}},"3":{"name":"(anonymous_3)","decl":{"start":{"line":39,"column":9},"end":{"line":39,"column":19}},"loc":{"start":{"line":39,"column":19},"end":{"line":43,"column":3}}},"4":{"name":"(anonymous_4)","decl":{"start":{"line":40,"column":38},"end":{"line":40,"column":41}},"loc":{"start":{"line":40,"column":43},"end":{"line":42,"column":5}}}},"branchMap":{},"s":{"0":1,"1":1,"2":1,"3":1,"4":1,"5":1,"6":1,"7":1,"8":1,"9":1,"10":1,"11":1,"12":1,"13":1,"14":1,"15":1},"f":{"0":1,"1":1,"2":1,"3":1,"4":1},"b":{}}
,"/home/danilo/Documentos/Projects/Igma-API/src/Config/database.ts": {"path":"/home/danilo/Documentos/Projects/Igma-API/src/Config/database.ts","statementMap":{"0":{"start":{"line":3,"column":25},"end":{"line":3,"column":28}},"1":{"start":{"line":4,"column":22},"end":{"line":4,"column":40}}},"fnMap":{},"branchMap":{},"s":{"0":1,"1":1},"f":{},"b":{}}
,"/home/danilo/Documentos/Projects/Igma-API/src/Controllers/users.controller.ts": {"path":"/home/danilo/Documentos/Projects/Igma-API/src/Controllers/users.controller.ts","statementMap":{"0":{"start":{"line":6,"column":12},"end":{"line":6,"column":41}},"1":{"start":{"line":8,"column":11},"end":{"line":21,"column":null}},"2":{"start":{"line":8,"column":94},"end":{"line":21,"column":null}},"3":{"start":{"line":9,"column":28},"end":{"line":9,"column":37}},"4":{"start":{"line":11,"column":6},"end":{"line":20,"column":null}},"5":{"start":{"line":12,"column":31},"end":{"line":12,"column":74}},"6":{"start":{"line":13,"column":8},"end":{"line":13,"column":null}},"7":{"start":{"line":14,"column":8},"end":{"line":14,"column":35}},"8":{"start":{"line":17,"column":37},"end":{"line":17,"column":71}},"9":{"start":{"line":18,"column":8},"end":{"line":18,"column":null}},"10":{"start":{"line":19,"column":8},"end":{"line":19,"column":39}},"11":{"start":{"line":23,"column":11},"end":{"line":28,"column":null}},"12":{"start":{"line":23,"column":95},"end":{"line":28,"column":null}},"13":{"start":{"line":24,"column":29},"end":{"line":24,"column":37}},"14":{"start":{"line":26,"column":30},"end":{"line":26,"column":65}},"15":{"start":{"line":27,"column":6},"end":{"line":27,"column":33}}},"fnMap":{"0":{"name":"(anonymous_7)","decl":{"start":{"line":5,"column":0},"end":{"line":5,"column":6}},"loc":{"start":{"line":5,"column":0},"end":{"line":29,"column":1}}},"1":{"name":"(anonymous_8)","decl":{"start":{"line":8,"column":21},"end":{"line":8,"column":28}},"loc":{"start":{"line":8,"column":94},"end":{"line":21,"column":null}}},"2":{"name":"(anonymous_9)","decl":{"start":{"line":8,"column":94},"end":{"line":8,"column":null}},"loc":{"start":{"line":8,"column":94},"end":{"line":21,"column":5}}},"3":{"name":"(anonymous_10)","decl":{"start":{"line":23,"column":22},"end":{"line":23,"column":29}},"loc":{"start":{"line":23,"column":95},"end":{"line":28,"column":null}}},"4":{"name":"(anonymous_11)","decl":{"start":{"line":23,"column":95},"end":{"line":23,"column":null}},"loc":{"start":{"line":23,"column":95},"end":{"line":28,"column":5}}}},"branchMap":{"0":{"loc":{"start":{"line":11,"column":6},"end":{"line":20,"column":null}},"type":"if","locations":[{"start":{"line":11,"column":6},"end":{"line":20,"column":null}},{"start":{"line":16,"column":11},"end":{"line":20,"column":null}}]}},"s":{"0":1,"1":1,"2":4,"3":4,"4":4,"5":2,"6":1,"7":1,"8":2,"9":2,"10":2,"11":1,"12":2,"13":2,"14":2,"15":1},"f":{"0":1,"1":4,"2":4,"3":2,"4":2},"b":{"0":[2,2]}}
,"/home/danilo/Documentos/Projects/Igma-API/src/Middlewares/errorHandler.ts": {"path":"/home/danilo/Documentos/Projects/Igma-API/src/Middlewares/errorHandler.ts","statementMap":{"0":{"start":{"line":6,"column":4},"end":{"line":6,"column":21}},"1":{"start":{"line":7,"column":4},"end":{"line":7,"column":25}},"2":{"start":{"line":11,"column":21},"end":{"line":23,"column":1}},"3":{"start":{"line":17,"column":2},"end":{"line":20,"column":null}},"4":{"start":{"line":18,"column":4},"end":{"line":18,"column":23}},"5":{"start":{"line":19,"column":4},"end":{"line":19,"column":56}},"6":{"start":{"line":21,"column":2},"end":{"line":21,"column":21}},"7":{"start":{"line":22,"column":2},"end":{"line":22,"column":29}}},"fnMap":{"0":{"name":"(anonymous_0)","decl":{"start":{"line":5,"column":2},"end":{"line":5,"column":14}},"loc":{"start":{"line":5,"column":45},"end":{"line":8,"column":3}}},"1":{"name":"(anonymous_1)","decl":{"start":{"line":11,"column":21},"end":{"line":11,"column":null}},"loc":{"start":{"line":16,"column":4},"end":{"line":23,"column":1}}}},"branchMap":{"0":{"loc":{"start":{"line":17,"column":2},"end":{"line":20,"column":null}},"type":"if","locations":[{"start":{"line":17,"column":2},"end":{"line":20,"column":null}}]}},"s":{"0":2,"1":2,"2":1,"3":0,"4":0,"5":0,"6":0,"7":0},"f":{"0":2,"1":0},"b":{"0":[0]}}
,"/home/danilo/Documentos/Projects/Igma-API/src/Middlewares/validateSchema.ts": {"path":"/home/danilo/Documentos/Projects/Igma-API/src/Middlewares/validateSchema.ts","statementMap":{"0":{"start":{"line":5,"column":20},"end":{"line":31,"column":1}},"1":{"start":{"line":6,"column":2},"end":{"line":30,"column":4}},"2":{"start":{"line":6,"column":67},"end":{"line":30,"column":4}},"3":{"start":{"line":7,"column":4},"end":{"line":27,"column":null}},"4":{"start":{"line":8,"column":33},"end":{"line":8,"column":35}},"5":{"start":{"line":9,"column":27},"end":{"line":9,"column":35}},"6":{"start":{"line":11,"column":6},"end":{"line":17,"column":null}},"7":{"start":{"line":12,"column":8},"end":{"line":16,"column":null}},"8":{"start":{"line":13,"column":10},"end":{"line":13,"column":67}},"9":{"start":{"line":15,"column":10},"end":{"line":15,"column":42}},"10":{"start":{"line":19,"column":25},"end":{"line":21,"column":8}},"11":{"start":{"line":23,"column":6},"end":{"line":23,"column":35}},"12":{"start":{"line":25,"column":6},"end":{"line":25,"column":null}},"13":{"start":{"line":26,"column":6},"end":{"line":26,"column":57}},"14":{"start":{"line":29,"column":4},"end":{"line":29,"column":11}}},"fnMap":{"0":{"name":"(anonymous_7)","decl":{"start":{"line":5,"column":20},"end":{"line":5,"column":21}},"loc":{"start":{"line":5,"column":36},"end":{"line":31,"column":1}}},"1":{"name":"(anonymous_8)","decl":{"start":{"line":6,"column":9},"end":{"line":6,"column":16}},"loc":{"start":{"line":6,"column":67},"end":{"line":30,"column":4}}},"2":{"name":"(anonymous_9)","decl":{"start":{"line":6,"column":67},"end":{"line":6,"column":null}},"loc":{"start":{"line":6,"column":67},"end":{"line":30,"column":3}}}},"branchMap":{"0":{"loc":{"start":{"line":12,"column":8},"end":{"line":16,"column":null}},"type":"if","locations":[{"start":{"line":12,"column":8},"end":{"line":16,"column":null}},{"start":{"line":14,"column":15},"end":{"line":16,"column":null}}]}},"s":{"0":1,"1":1,"2":3,"3":3,"4":3,"5":3,"6":3,"7":9,"8":0,"9":9,"10":3,"11":2,"12":1,"13":1,"14":2},"f":{"0":1,"1":3,"2":3},"b":{"0":[0,9]}}
,"/home/danilo/Documentos/Projects/Igma-API/src/Repositories/users.repository.ts": {"path":"/home/danilo/Documentos/Projects/Igma-API/src/Repositories/users.repository.ts","statementMap":{"0":{"start":{"line":6,"column":4},"end":{"line":6,"column":47}},"1":{"start":{"line":10,"column":4},"end":{"line":13,"column":7}},"2":{"start":{"line":17,"column":4},"end":{"line":21,"column":7}}},"fnMap":{"0":{"name":"(anonymous_7)","decl":{"start":{"line":5,"column":15},"end":{"line":5,"column":25}},"loc":{"start":{"line":5,"column":40},"end":{"line":7,"column":null}}},"1":{"name":"(anonymous_9)","decl":{"start":{"line":9,"column":15},"end":{"line":9,"column":24}},"loc":{"start":{"line":9,"column":36},"end":{"line":14,"column":null}}},"2":{"name":"(anonymous_11)","decl":{"start":{"line":16,"column":15},"end":{"line":16,"column":23}},"loc":{"start":{"line":16,"column":60},"end":{"line":22,"column":null}}}},"branchMap":{},"s":{"0":2,"1":2,"2":2},"f":{"0":2,"1":2,"2":2},"b":{}}
,"/home/danilo/Documentos/Projects/Igma-API/src/Routers/doc.route.ts": {"path":"/home/danilo/Documentos/Projects/Igma-API/src/Routers/doc.route.ts","statementMap":{"0":{"start":{"line":10,"column":6},"end":{"line":10,"column":29}},"1":{"start":{"line":11,"column":6},"end":{"line":11,"column":24}},"2":{"start":{"line":12,"column":6},"end":{"line":12,"column":24}},"3":{"start":{"line":16,"column":6},"end":{"line":16,"column":49}},"4":{"start":{"line":17,"column":6},"end":{"line":17,"column":66}}},"fnMap":{"0":{"name":"(anonymous_0)","decl":{"start":{"line":9,"column":4},"end":{"line":9,"column":null}},"loc":{"start":{"line":9,"column":4},"end":{"line":13,"column":5}}},"1":{"name":"(anonymous_1)","decl":{"start":{"line":15,"column":12},"end":{"line":15,"column":22}},"loc":{"start":{"line":15,"column":22},"end":{"line":18,"column":5}}}},"branchMap":{},"s":{"0":1,"1":1,"2":1,"3":1,"4":1},"f":{"0":1,"1":1},"b":{}}
,"/home/danilo/Documentos/Projects/Igma-API/src/Routers/users.route.ts": {"path":"/home/danilo/Documentos/Projects/Igma-API/src/Routers/users.route.ts","statementMap":{"0":{"start":{"line":9,"column":10},"end":{"line":9,"column":45}},"1":{"start":{"line":12,"column":4},"end":{"line":12,"column":27}},"2":{"start":{"line":13,"column":4},"end":{"line":13,"column":24}},"3":{"start":{"line":14,"column":4},"end":{"line":14,"column":22}},"4":{"start":{"line":18,"column":4},"end":{"line":18,"column":82}},"5":{"start":{"line":19,"column":4},"end":{"line":19,"column":55}}},"fnMap":{"0":{"name":"(anonymous_0)","decl":{"start":{"line":11,"column":2},"end":{"line":11,"column":null}},"loc":{"start":{"line":11,"column":2},"end":{"line":15,"column":3}}},"1":{"name":"(anonymous_1)","decl":{"start":{"line":17,"column":10},"end":{"line":17,"column":20}},"loc":{"start":{"line":17,"column":20},"end":{"line":20,"column":3}}}},"branchMap":{},"s":{"0":1,"1":1,"2":1,"3":1,"4":1,"5":1},"f":{"0":1,"1":1},"b":{}}
,"/home/danilo/Documentos/Projects/Igma-API/src/Schemas/users.schema.ts": {"path":"/home/danilo/Documentos/Projects/Igma-API/src/Schemas/users.schema.ts","statementMap":{"0":{"start":{"line":5,"column":12},"end":{"line":5,"column":28}},"1":{"start":{"line":7,"column":19},"end":{"line":14,"column":2}}},"fnMap":{},"branchMap":{},"s":{"0":1,"1":1},"f":{},"b":{}}
,"/home/danilo/Documentos/Projects/Igma-API/src/Services/users.service.ts": {"path":"/home/danilo/Documentos/Projects/Igma-API/src/Services/users.service.ts","statementMap":{"0":{"start":{"line":6,"column":10},"end":{"line":6,"column":45}},"1":{"start":{"line":8,"column":9},"end":{"line":13,"column":4}},"2":{"start":{"line":8,"column":47},"end":{"line":13,"column":4}},"3":{"start":{"line":9,"column":16},"end":{"line":9,"column":40}},"4":{"start":{"line":10,"column":17},"end":{"line":10,"column":67}},"5":{"start":{"line":11,"column":4},"end":{"line":11,"column":19}},"6":{"start":{"line":12,"column":4},"end":{"line":12,"column":16}},"7":{"start":{"line":15,"column":9},"end":{"line":21,"column":4}},"8":{"start":{"line":15,"column":43},"end":{"line":21,"column":4}},"9":{"start":{"line":16,"column":4},"end":{"line":16,"column":33}},"10":{"start":{"line":18,"column":28},"end":{"line":18,"column":64}},"11":{"start":{"line":19,"column":4},"end":{"line":20,"column":53}},"12":{"start":{"line":19,"column":17},"end":{"line":19,"column":30}},"13":{"start":{"line":20,"column":9},"end":{"line":20,"column":53}},"14":{"start":{"line":23,"column":9},"end":{"line":26,"column":4}},"15":{"start":{"line":23,"column":44},"end":{"line":26,"column":4}},"16":{"start":{"line":24,"column":4},"end":{"line":25,"column":57}},"17":{"start":{"line":24,"column":21},"end":{"line":24,"column":66}},"18":{"start":{"line":25,"column":9},"end":{"line":25,"column":57}},"19":{"start":{"line":28,"column":10},"end":{"line":35,"column":4}},"20":{"start":{"line":29,"column":4},"end":{"line":29,"column":33}},"21":{"start":{"line":31,"column":4},"end":{"line":31,"column":29}},"22":{"start":{"line":32,"column":4},"end":{"line":32,"column":29}},"23":{"start":{"line":34,"column":4},"end":{"line":34,"column":15}},"24":{"start":{"line":37,"column":10},"end":{"line":55,"column":4}},"25":{"start":{"line":38,"column":18},"end":{"line":38,"column":37}},"26":{"start":{"line":39,"column":23},"end":{"line":39,"column":43}},"27":{"start":{"line":41,"column":4},"end":{"line":41,"column":75}},"28":{"start":{"line":41,"column":26},"end":{"line":41,"column":75}},"29":{"start":{"line":43,"column":14},"end":{"line":43,"column":15}},"30":{"start":{"line":44,"column":4},"end":{"line":47,"column":null}},"31":{"start":{"line":44,"column":17},"end":{"line":44,"column":18}},"32":{"start":{"line":45,"column":20},"end":{"line":45,"column":27}},"33":{"start":{"line":46,"column":6},"end":{"line":46,"column":38}},"34":{"start":{"line":49,"column":22},"end":{"line":49,"column":30}},"35":{"start":{"line":50,"column":17},"end":{"line":50,"column":48}},"36":{"start":{"line":51,"column":21},"end":{"line":51,"column":45}},"37":{"start":{"line":52,"column":4},"end":{"line":54,"column":null}},"38":{"start":{"line":53,"column":6},"end":{"line":53,"column":48}}},"fnMap":{"0":{"name":"(anonymous_7)","decl":{"start":{"line":5,"column":0},"end":{"line":5,"column":6}},"loc":{"start":{"line":5,"column":0},"end":{"line":56,"column":1}}},"1":{"name":"(anonymous_8)","decl":{"start":{"line":8,"column":22},"end":{"line":8,"column":29}},"loc":{"start":{"line":8,"column":47},"end":{"line":13,"column":4}}},"2":{"name":"(anonymous_9)","decl":{"start":{"line":8,"column":47},"end":{"line":8,"column":null}},"loc":{"start":{"line":8,"column":47},"end":{"line":13,"column":3}}},"3":{"name":"(anonymous_10)","decl":{"start":{"line":15,"column":21},"end":{"line":15,"column":28}},"loc":{"start":{"line":15,"column":43},"end":{"line":21,"column":4}}},"4":{"name":"(anonymous_11)","decl":{"start":{"line":15,"column":43},"end":{"line":15,"column":null}},"loc":{"start":{"line":15,"column":43},"end":{"line":21,"column":3}}},"5":{"name":"(anonymous_12)","decl":{"start":{"line":23,"column":20},"end":{"line":23,"column":27}},"loc":{"start":{"line":23,"column":44},"end":{"line":26,"column":4}}},"6":{"name":"(anonymous_13)","decl":{"start":{"line":23,"column":44},"end":{"line":23,"column":null}},"loc":{"start":{"line":23,"column":44},"end":{"line":26,"column":3}}},"7":{"name":"(anonymous_14)","decl":{"start":{"line":28,"column":22},"end":{"line":28,"column":23}},"loc":{"start":{"line":28,"column":38},"end":{"line":35,"column":3}}},"8":{"name":"(anonymous_15)","decl":{"start":{"line":37,"column":24},"end":{"line":37,"column":25}},"loc":{"start":{"line":37,"column":54},"end":{"line":55,"column":3}}}},"branchMap":{"0":{"loc":{"start":{"line":19,"column":4},"end":{"line":20,"column":53}},"type":"if","locations":[{"start":{"line":19,"column":4},"end":{"line":20,"column":53}},{"start":{"line":20,"column":9},"end":{"line":20,"column":53}}]},"1":{"loc":{"start":{"line":24,"column":4},"end":{"line":25,"column":57}},"type":"if","locations":[{"start":{"line":24,"column":4},"end":{"line":25,"column":57}},{"start":{"line":25,"column":9},"end":{"line":25,"column":57}}]},"2":{"loc":{"start":{"line":38,"column":18},"end":{"line":38,"column":37}},"type":"cond-expr","locations":[{"start":{"line":38,"column":31},"end":{"line":38,"column":32}},{"start":{"line":38,"column":35},"end":{"line":38,"column":37}}]},"3":{"loc":{"start":{"line":39,"column":23},"end":{"line":39,"column":43}},"type":"cond-expr","locations":[{"start":{"line":39,"column":36},"end":{"line":39,"column":38}},{"start":{"line":39,"column":41},"end":{"line":39,"column":43}}]},"4":{"loc":{"start":{"line":41,"column":4},"end":{"line":41,"column":75}},"type":"if","locations":[{"start":{"line":41,"column":4},"end":{"line":41,"column":75}}]},"5":{"loc":{"start":{"line":51,"column":21},"end":{"line":51,"column":45}},"type":"cond-expr","locations":[{"start":{"line":51,"column":32},"end":{"line":51,"column":33}},{"start":{"line":51,"column":36},"end":{"line":51,"column":45}}]},"6":{"loc":{"start":{"line":52,"column":4},"end":{"line":54,"column":null}},"type":"if","locations":[{"start":{"line":52,"column":4},"end":{"line":54,"column":null}}]}},"s":{"0":1,"1":1,"2":2,"3":2,"4":2,"5":1,"6":1,"7":1,"8":2,"9":2,"10":2,"11":2,"12":1,"13":1,"14":1,"15":2,"16":2,"17":1,"18":1,"19":1,"20":2,"21":2,"22":2,"23":2,"24":1,"25":4,"26":4,"27":4,"28":0,"29":4,"30":4,"31":4,"32":38,"33":38,"34":4,"35":4,"36":4,"37":4,"38":0},"f":{"0":1,"1":2,"2":2,"3":2,"4":2,"5":2,"6":2,"7":2,"8":4},"b":{"0":[1,1],"1":[1,1],"2":[2,2],"3":[2,2],"4":[0],"5":[2,2],"6":[0]}}
}
