{"/home/danilo/Documentos/Projects/Igma-API/src/app.ts": {"path":"/home/danilo/Documentos/Projects/Igma-API/src/app.ts","statementMap":{"0":{"start":{"line":3,"column":15},"end":{"line":3,"column":52}},"1":{"start":{"line":5,"column":19},"end":{"line":5,"column":38}}},"fnMap":{},"branchMap":{"0":{"loc":{"start":{"line":3,"column":26},"end":{"line":3,"column":51}},"type":"binary-expr","locations":[{"start":{"line":3,"column":26},"end":{"line":3,"column":43}},{"start":{"line":3,"column":47},"end":{"line":3,"column":51}}]}},"s":{"0":1,"1":1},"f":{},"b":{"0":[1,1]}}
,"/home/danilo/Documentos/Projects/Igma-API/src/server.ts": {"path":"/home/danilo/Documentos/Projects/Igma-API/src/server.ts","statementMap":{"0":{"start":{"line":14,"column":4},"end":{"line":14,"column":20}},"1":{"start":{"line":15,"column":4},"end":{"line":15,"column":21}},"2":{"start":{"line":16,"column":4},"end":{"line":16,"column":25}},"3":{"start":{"line":17,"column":4},"end":{"line":17,"column":26}},"4":{"start":{"line":18,"column":4},"end":{"line":18,"column":22}},"5":{"start":{"line":22,"column":4},"end":{"line":22,"column":25}},"6":{"start":{"line":23,"column":4},"end":{"line":23,"column":33}},"7":{"start":{"line":24,"column":4},"end":{"line":24,"column":31}},"8":{"start":{"line":25,"column":4},"end":{"line":25,"column":31}},"9":{"start":{"line":29,"column":23},"end":{"line":29,"column":39}},"10":{"start":{"line":30,"column":4},"end":{"line":30,"column":25}},"11":{"start":{"line":31,"column":4},"end":{"line":31,"column":26}},"12":{"start":{"line":35,"column":4},"end":{"line":37,"column":7}},"13":{"start":{"line":36,"column":6},"end":{"line":36,"column":62}}},"fnMap":{"0":{"name":"(anonymous_0)","decl":{"start":{"line":13,"column":2},"end":{"line":13,"column":14}},"loc":{"start":{"line":13,"column":26},"end":{"line":19,"column":3}}},"1":{"name":"(anonymous_1)","decl":{"start":{"line":21,"column":10},"end":{"line":21,"column":24}},"loc":{"start":{"line":21,"column":24},"end":{"line":26,"column":3}}},"2":{"name":"(anonymous_2)","decl":{"start":{"line":28,"column":10},"end":{"line":28,"column":20}},"loc":{"start":{"line":28,"column":20},"end":{"line":32,"column":3}}},"3":{"name":"(anonymous_3)","decl":{"start":{"line":34,"column":9},"end":{"line":34,"column":19}},"loc":{"start":{"line":34,"column":19},"end":{"line":38,"column":3}}},"4":{"name":"(anonymous_4)","decl":{"start":{"line":35,"column":38},"end":{"line":35,"column":41}},"loc":{"start":{"line":35,"column":43},"end":{"line":37,"column":5}}}},"branchMap":{},"s":{"0":1,"1":1,"2":1,"3":1,"4":1,"5":1,"6":1,"7":1,"8":1,"9":1,"10":1,"11":1,"12":1,"13":1},"f":{"0":1,"1":1,"2":1,"3":1,"4":1},"b":{}}
,"/home/danilo/Documentos/Projects/Igma-API/src/Config/database.ts": {"path":"/home/danilo/Documentos/Projects/Igma-API/src/Config/database.ts","statementMap":{"0":{"start":{"line":3,"column":25},"end":{"line":3,"column":28}},"1":{"start":{"line":4,"column":22},"end":{"line":4,"column":40}}},"fnMap":{},"branchMap":{},"s":{"0":1,"1":1},"f":{},"b":{}}
,"/home/danilo/Documentos/Projects/Igma-API/src/Controllers/users.controller.ts": {"path":"/home/danilo/Documentos/Projects/Igma-API/src/Controllers/users.controller.ts","statementMap":{"0":{"start":{"line":6,"column":12},"end":{"line":6,"column":41}},"1":{"start":{"line":8,"column":11},"end":{"line":21,"column":null}},"2":{"start":{"line":8,"column":94},"end":{"line":21,"column":null}},"3":{"start":{"line":9,"column":28},"end":{"line":9,"column":37}},"4":{"start":{"line":11,"column":6},"end":{"line":20,"column":null}},"5":{"start":{"line":12,"column":21},"end":{"line":12,"column":64}},"6":{"start":{"line":13,"column":8},"end":{"line":13,"column":null}},"7":{"start":{"line":14,"column":8},"end":{"line":14,"column":35}},"8":{"start":{"line":17,"column":25},"end":{"line":17,"column":59}},"9":{"start":{"line":18,"column":8},"end":{"line":18,"column":null}},"10":{"start":{"line":19,"column":8},"end":{"line":19,"column":39}},"11":{"start":{"line":23,"column":11},"end":{"line":28,"column":null}},"12":{"start":{"line":23,"column":95},"end":{"line":28,"column":null}},"13":{"start":{"line":24,"column":29},"end":{"line":24,"column":37}},"14":{"start":{"line":26,"column":19},"end":{"line":26,"column":54}},"15":{"start":{"line":27,"column":6},"end":{"line":27,"column":33}}},"fnMap":{"0":{"name":"(anonymous_7)","decl":{"start":{"line":5,"column":0},"end":{"line":5,"column":6}},"loc":{"start":{"line":5,"column":0},"end":{"line":29,"column":1}}},"1":{"name":"(anonymous_8)","decl":{"start":{"line":8,"column":21},"end":{"line":8,"column":28}},"loc":{"start":{"line":8,"column":94},"end":{"line":21,"column":null}}},"2":{"name":"(anonymous_9)","decl":{"start":{"line":8,"column":94},"end":{"line":8,"column":null}},"loc":{"start":{"line":8,"column":94},"end":{"line":21,"column":5}}},"3":{"name":"(anonymous_10)","decl":{"start":{"line":23,"column":22},"end":{"line":23,"column":29}},"loc":{"start":{"line":23,"column":95},"end":{"line":28,"column":null}}},"4":{"name":"(anonymous_11)","decl":{"start":{"line":23,"column":95},"end":{"line":23,"column":null}},"loc":{"start":{"line":23,"column":95},"end":{"line":28,"column":5}}}},"branchMap":{"0":{"loc":{"start":{"line":11,"column":6},"end":{"line":20,"column":null}},"type":"if","locations":[{"start":{"line":11,"column":6},"end":{"line":20,"column":null}},{"start":{"line":16,"column":11},"end":{"line":20,"column":null}}]}},"s":{"0":1,"1":1,"2":0,"3":0,"4":0,"5":0,"6":0,"7":0,"8":0,"9":0,"10":0,"11":1,"12":1,"13":1,"14":1,"15":1},"f":{"0":1,"1":0,"2":0,"3":1,"4":1},"b":{"0":[0,0]}}
,"/home/danilo/Documentos/Projects/Igma-API/src/Middlewares/errorHandler.ts": {"path":"/home/danilo/Documentos/Projects/Igma-API/src/Middlewares/errorHandler.ts","statementMap":{"0":{"start":{"line":6,"column":4},"end":{"line":6,"column":21}},"1":{"start":{"line":7,"column":4},"end":{"line":7,"column":25}},"2":{"start":{"line":11,"column":21},"end":{"line":23,"column":1}},"3":{"start":{"line":17,"column":2},"end":{"line":20,"column":null}},"4":{"start":{"line":18,"column":4},"end":{"line":18,"column":23}},"5":{"start":{"line":19,"column":4},"end":{"line":19,"column":56}},"6":{"start":{"line":21,"column":2},"end":{"line":21,"column":21}},"7":{"start":{"line":22,"column":2},"end":{"line":22,"column":29}}},"fnMap":{"0":{"name":"(anonymous_0)","decl":{"start":{"line":5,"column":2},"end":{"line":5,"column":14}},"loc":{"start":{"line":5,"column":45},"end":{"line":8,"column":3}}},"1":{"name":"(anonymous_1)","decl":{"start":{"line":11,"column":21},"end":{"line":11,"column":null}},"loc":{"start":{"line":16,"column":4},"end":{"line":23,"column":1}}}},"branchMap":{"0":{"loc":{"start":{"line":17,"column":2},"end":{"line":20,"column":null}},"type":"if","locations":[{"start":{"line":17,"column":2},"end":{"line":20,"column":null}}]}},"s":{"0":0,"1":0,"2":1,"3":0,"4":0,"5":0,"6":0,"7":0},"f":{"0":0,"1":0},"b":{"0":[0]}}
,"/home/danilo/Documentos/Projects/Igma-API/src/Middlewares/validateSchema.ts": {"path":"/home/danilo/Documentos/Projects/Igma-API/src/Middlewares/validateSchema.ts","statementMap":{"0":{"start":{"line":5,"column":20},"end":{"line":31,"column":1}},"1":{"start":{"line":6,"column":2},"end":{"line":30,"column":4}},"2":{"start":{"line":6,"column":67},"end":{"line":30,"column":4}},"3":{"start":{"line":7,"column":4},"end":{"line":27,"column":null}},"4":{"start":{"line":8,"column":33},"end":{"line":8,"column":35}},"5":{"start":{"line":9,"column":27},"end":{"line":9,"column":35}},"6":{"start":{"line":11,"column":6},"end":{"line":17,"column":null}},"7":{"start":{"line":12,"column":8},"end":{"line":16,"column":null}},"8":{"start":{"line":13,"column":10},"end":{"line":13,"column":67}},"9":{"start":{"line":15,"column":10},"end":{"line":15,"column":42}},"10":{"start":{"line":19,"column":25},"end":{"line":21,"column":8}},"11":{"start":{"line":23,"column":6},"end":{"line":23,"column":35}},"12":{"start":{"line":25,"column":6},"end":{"line":25,"column":null}},"13":{"start":{"line":26,"column":6},"end":{"line":26,"column":57}},"14":{"start":{"line":29,"column":4},"end":{"line":29,"column":11}}},"fnMap":{"0":{"name":"(anonymous_7)","decl":{"start":{"line":5,"column":20},"end":{"line":5,"column":21}},"loc":{"start":{"line":5,"column":36},"end":{"line":31,"column":1}}},"1":{"name":"(anonymous_8)","decl":{"start":{"line":6,"column":9},"end":{"line":6,"column":16}},"loc":{"start":{"line":6,"column":67},"end":{"line":30,"column":4}}},"2":{"name":"(anonymous_9)","decl":{"start":{"line":6,"column":67},"end":{"line":6,"column":null}},"loc":{"start":{"line":6,"column":67},"end":{"line":30,"column":3}}}},"branchMap":{"0":{"loc":{"start":{"line":12,"column":8},"end":{"line":16,"column":null}},"type":"if","locations":[{"start":{"line":12,"column":8},"end":{"line":16,"column":null}},{"start":{"line":14,"column":15},"end":{"line":16,"column":null}}]}},"s":{"0":1,"1":1,"2":1,"3":1,"4":1,"5":1,"6":1,"7":3,"8":0,"9":3,"10":1,"11":1,"12":0,"13":0,"14":1},"f":{"0":1,"1":1,"2":1},"b":{"0":[0,3]}}
,"/home/danilo/Documentos/Projects/Igma-API/src/Repositories/users.repository.ts": {"path":"/home/danilo/Documentos/Projects/Igma-API/src/Repositories/users.repository.ts","statementMap":{"0":{"start":{"line":6,"column":4},"end":{"line":6,"column":47}},"1":{"start":{"line":10,"column":4},"end":{"line":10,"column":61}},"2":{"start":{"line":14,"column":4},"end":{"line":17,"column":7}}},"fnMap":{"0":{"name":"(anonymous_7)","decl":{"start":{"line":5,"column":15},"end":{"line":5,"column":25}},"loc":{"start":{"line":5,"column":40},"end":{"line":7,"column":null}}},"1":{"name":"(anonymous_9)","decl":{"start":{"line":9,"column":15},"end":{"line":9,"column":24}},"loc":{"start":{"line":9,"column":36},"end":{"line":11,"column":null}}},"2":{"name":"(anonymous_11)","decl":{"start":{"line":13,"column":15},"end":{"line":13,"column":23}},"loc":{"start":{"line":13,"column":60},"end":{"line":18,"column":null}}}},"branchMap":{},"s":{"0":1,"1":0,"2":0},"f":{"0":1,"1":0,"2":0},"b":{}}
,"/home/danilo/Documentos/Projects/Igma-API/src/Routers/users.route.ts": {"path":"/home/danilo/Documentos/Projects/Igma-API/src/Routers/users.route.ts","statementMap":{"0":{"start":{"line":9,"column":10},"end":{"line":9,"column":45}},"1":{"start":{"line":12,"column":4},"end":{"line":12,"column":27}},"2":{"start":{"line":13,"column":4},"end":{"line":13,"column":24}},"3":{"start":{"line":14,"column":4},"end":{"line":14,"column":22}},"4":{"start":{"line":18,"column":4},"end":{"line":18,"column":82}},"5":{"start":{"line":19,"column":4},"end":{"line":19,"column":55}}},"fnMap":{"0":{"name":"(anonymous_0)","decl":{"start":{"line":11,"column":2},"end":{"line":11,"column":null}},"loc":{"start":{"line":11,"column":2},"end":{"line":15,"column":3}}},"1":{"name":"(anonymous_1)","decl":{"start":{"line":17,"column":10},"end":{"line":17,"column":20}},"loc":{"start":{"line":17,"column":20},"end":{"line":20,"column":3}}}},"branchMap":{},"s":{"0":1,"1":1,"2":1,"3":1,"4":1,"5":1},"f":{"0":1,"1":1},"b":{}}
,"/home/danilo/Documentos/Projects/Igma-API/src/Schemas/users.schema.ts": {"path":"/home/danilo/Documentos/Projects/Igma-API/src/Schemas/users.schema.ts","statementMap":{"0":{"start":{"line":5,"column":12},"end":{"line":5,"column":28}},"1":{"start":{"line":7,"column":19},"end":{"line":14,"column":2}}},"fnMap":{},"branchMap":{},"s":{"0":1,"1":1},"f":{},"b":{}}
,"/home/danilo/Documentos/Projects/Igma-API/src/Services/users.service.ts": {"path":"/home/danilo/Documentos/Projects/Igma-API/src/Services/users.service.ts","statementMap":{"0":{"start":{"line":6,"column":10},"end":{"line":6,"column":45}},"1":{"start":{"line":8,"column":9},"end":{"line":12,"column":4}},"2":{"start":{"line":8,"column":47},"end":{"line":12,"column":4}},"3":{"start":{"line":9,"column":16},"end":{"line":9,"column":40}},"4":{"start":{"line":11,"column":4},"end":{"line":11,"column":62}},"5":{"start":{"line":14,"column":9},"end":{"line":20,"column":4}},"6":{"start":{"line":14,"column":43},"end":{"line":20,"column":4}},"7":{"start":{"line":15,"column":4},"end":{"line":15,"column":33}},"8":{"start":{"line":17,"column":18},"end":{"line":17,"column":54}},"9":{"start":{"line":18,"column":4},"end":{"line":19,"column":53}},"10":{"start":{"line":18,"column":17},"end":{"line":18,"column":30}},"11":{"start":{"line":19,"column":9},"end":{"line":19,"column":53}},"12":{"start":{"line":22,"column":9},"end":{"line":25,"column":4}},"13":{"start":{"line":22,"column":44},"end":{"line":25,"column":4}},"14":{"start":{"line":23,"column":4},"end":{"line":24,"column":57}},"15":{"start":{"line":23,"column":21},"end":{"line":23,"column":66}},"16":{"start":{"line":24,"column":9},"end":{"line":24,"column":57}},"17":{"start":{"line":27,"column":10},"end":{"line":34,"column":4}},"18":{"start":{"line":28,"column":4},"end":{"line":28,"column":33}},"19":{"start":{"line":30,"column":4},"end":{"line":30,"column":29}},"20":{"start":{"line":31,"column":4},"end":{"line":31,"column":29}},"21":{"start":{"line":33,"column":4},"end":{"line":33,"column":15}},"22":{"start":{"line":36,"column":10},"end":{"line":54,"column":4}},"23":{"start":{"line":37,"column":18},"end":{"line":37,"column":37}},"24":{"start":{"line":38,"column":23},"end":{"line":38,"column":43}},"25":{"start":{"line":40,"column":4},"end":{"line":40,"column":75}},"26":{"start":{"line":40,"column":26},"end":{"line":40,"column":75}},"27":{"start":{"line":42,"column":14},"end":{"line":42,"column":15}},"28":{"start":{"line":43,"column":4},"end":{"line":46,"column":null}},"29":{"start":{"line":43,"column":17},"end":{"line":43,"column":18}},"30":{"start":{"line":44,"column":20},"end":{"line":44,"column":27}},"31":{"start":{"line":45,"column":6},"end":{"line":45,"column":38}},"32":{"start":{"line":48,"column":22},"end":{"line":48,"column":30}},"33":{"start":{"line":49,"column":17},"end":{"line":49,"column":48}},"34":{"start":{"line":50,"column":21},"end":{"line":50,"column":45}},"35":{"start":{"line":51,"column":4},"end":{"line":53,"column":null}},"36":{"start":{"line":52,"column":6},"end":{"line":52,"column":48}}},"fnMap":{"0":{"name":"(anonymous_7)","decl":{"start":{"line":5,"column":0},"end":{"line":5,"column":6}},"loc":{"start":{"line":5,"column":0},"end":{"line":55,"column":1}}},"1":{"name":"(anonymous_8)","decl":{"start":{"line":8,"column":22},"end":{"line":8,"column":29}},"loc":{"start":{"line":8,"column":47},"end":{"line":12,"column":4}}},"2":{"name":"(anonymous_9)","decl":{"start":{"line":8,"column":47},"end":{"line":8,"column":null}},"loc":{"start":{"line":8,"column":47},"end":{"line":12,"column":3}}},"3":{"name":"(anonymous_10)","decl":{"start":{"line":14,"column":21},"end":{"line":14,"column":28}},"loc":{"start":{"line":14,"column":43},"end":{"line":20,"column":4}}},"4":{"name":"(anonymous_11)","decl":{"start":{"line":14,"column":43},"end":{"line":14,"column":null}},"loc":{"start":{"line":14,"column":43},"end":{"line":20,"column":3}}},"5":{"name":"(anonymous_12)","decl":{"start":{"line":22,"column":20},"end":{"line":22,"column":27}},"loc":{"start":{"line":22,"column":44},"end":{"line":25,"column":4}}},"6":{"name":"(anonymous_13)","decl":{"start":{"line":22,"column":44},"end":{"line":22,"column":null}},"loc":{"start":{"line":22,"column":44},"end":{"line":25,"column":3}}},"7":{"name":"(anonymous_14)","decl":{"start":{"line":27,"column":22},"end":{"line":27,"column":23}},"loc":{"start":{"line":27,"column":38},"end":{"line":34,"column":3}}},"8":{"name":"(anonymous_15)","decl":{"start":{"line":36,"column":24},"end":{"line":36,"column":25}},"loc":{"start":{"line":36,"column":54},"end":{"line":54,"column":3}}}},"branchMap":{"0":{"loc":{"start":{"line":18,"column":4},"end":{"line":19,"column":53}},"type":"if","locations":[{"start":{"line":18,"column":4},"end":{"line":19,"column":53}},{"start":{"line":19,"column":9},"end":{"line":19,"column":53}}]},"1":{"loc":{"start":{"line":23,"column":4},"end":{"line":24,"column":57}},"type":"if","locations":[{"start":{"line":23,"column":4},"end":{"line":24,"column":57}},{"start":{"line":24,"column":9},"end":{"line":24,"column":57}}]},"2":{"loc":{"start":{"line":37,"column":18},"end":{"line":37,"column":37}},"type":"cond-expr","locations":[{"start":{"line":37,"column":31},"end":{"line":37,"column":32}},{"start":{"line":37,"column":35},"end":{"line":37,"column":37}}]},"3":{"loc":{"start":{"line":38,"column":23},"end":{"line":38,"column":43}},"type":"cond-expr","locations":[{"start":{"line":38,"column":36},"end":{"line":38,"column":38}},{"start":{"line":38,"column":41},"end":{"line":38,"column":43}}]},"4":{"loc":{"start":{"line":40,"column":4},"end":{"line":40,"column":75}},"type":"if","locations":[{"start":{"line":40,"column":4},"end":{"line":40,"column":75}}]},"5":{"loc":{"start":{"line":50,"column":21},"end":{"line":50,"column":45}},"type":"cond-expr","locations":[{"start":{"line":50,"column":32},"end":{"line":50,"column":33}},{"start":{"line":50,"column":36},"end":{"line":50,"column":45}}]},"6":{"loc":{"start":{"line":51,"column":4},"end":{"line":53,"column":null}},"type":"if","locations":[{"start":{"line":51,"column":4},"end":{"line":53,"column":null}}]}},"s":{"0":1,"1":1,"2":1,"3":1,"4":1,"5":1,"6":0,"7":0,"8":0,"9":0,"10":0,"11":0,"12":1,"13":0,"14":0,"15":0,"16":0,"17":1,"18":1,"19":1,"20":1,"21":1,"22":1,"23":2,"24":2,"25":2,"26":0,"27":2,"28":2,"29":2,"30":19,"31":19,"32":2,"33":2,"34":2,"35":2,"36":0},"f":{"0":1,"1":1,"2":1,"3":0,"4":0,"5":0,"6":0,"7":1,"8":2},"b":{"0":[0,0],"1":[0,0],"2":[1,1],"3":[1,1],"4":[0],"5":[0,2],"6":[0]}}
}
