TN:
SF:swagger.ts
FNF:0
FNH:0
DA:1,1
LF:1
LH:1
BRF:0
BRH:0
end_of_record
TN:
SF:src/app.ts
FNF:0
FNH:0
DA:3,1
DA:5,1
LF:2
LH:2
BRF:0
BRH:0
end_of_record
TN:
SF:src/server.ts
FN:14,(anonymous_0)
FN:22,(anonymous_1)
FN:29,(anonymous_2)
FN:39,(anonymous_3)
FN:40,(anonymous_4)
FNF:5
FNH:5
FNDA:1,(anonymous_0)
FNDA:1,(anonymous_1)
FNDA:1,(anonymous_2)
FNDA:1,(anonymous_3)
FNDA:1,(anonymous_4)
DA:15,1
DA:16,1
DA:17,1
DA:18,1
DA:19,1
DA:23,1
DA:24,1
DA:25,1
DA:26,1
DA:30,1
DA:31,1
DA:33,1
DA:34,1
DA:36,1
DA:40,1
DA:41,1
LF:16
LH:16
BRF:0
BRH:0
end_of_record
TN:
SF:src/Config/database.ts
FNF:0
FNH:0
DA:3,1
DA:4,1
LF:2
LH:2
BRF:0
BRH:0
end_of_record
TN:
SF:src/Controllers/users.controller.ts
FN:5,(anonymous_7)
FN:8,(anonymous_8)
FN:8,(anonymous_9)
FN:23,(anonymous_10)
FN:23,(anonymous_11)
FNF:5
FNH:5
FNDA:1,(anonymous_7)
FNDA:4,(anonymous_8)
FNDA:4,(anonymous_9)
FNDA:2,(anonymous_10)
FNDA:2,(anonymous_11)
DA:6,1
DA:8,4
DA:9,4
DA:11,4
DA:12,2
DA:13,1
DA:14,1
DA:17,2
DA:18,2
DA:19,2
DA:23,2
DA:24,2
DA:26,2
DA:27,1
LF:14
LH:14
BRDA:11,0,0,2
BRDA:11,0,1,2
BRF:2
BRH:2
end_of_record
TN:
SF:src/Middlewares/errorHandler.ts
FN:5,(anonymous_0)
FN:11,(anonymous_1)
FNF:2
FNH:1
FNDA:2,(anonymous_0)
FNDA:0,(anonymous_1)
DA:6,2
DA:7,2
DA:11,1
DA:17,0
DA:18,0
DA:19,0
DA:21,0
DA:22,0
LF:8
LH:3
BRDA:17,0,0,0
BRF:1
BRH:0
end_of_record
TN:
SF:src/Middlewares/validateSchema.ts
FN:5,(anonymous_7)
FN:6,(anonymous_8)
FN:6,(anonymous_9)
FNF:3
FNH:3
FNDA:1,(anonymous_7)
FNDA:3,(anonymous_8)
FNDA:3,(anonymous_9)
DA:5,1
DA:6,3
DA:7,3
DA:8,3
DA:9,3
DA:11,3
DA:12,9
DA:13,0
DA:15,9
DA:19,3
DA:23,2
DA:25,1
DA:26,1
DA:29,2
LF:14
LH:13
BRDA:12,0,0,0
BRDA:12,0,1,9
BRF:2
BRH:1
end_of_record
TN:
SF:src/Repositories/users.repository.ts
FN:5,(anonymous_7)
FN:9,(anonymous_9)
FN:16,(anonymous_11)
FNF:3
FNH:3
FNDA:2,(anonymous_7)
FNDA:2,(anonymous_9)
FNDA:2,(anonymous_11)
DA:6,2
DA:10,2
DA:17,2
LF:3
LH:3
BRF:0
BRH:0
end_of_record
TN:
SF:src/Routers/doc.route.ts
FN:9,(anonymous_0)
FN:15,(anonymous_1)
FNF:2
FNH:2
FNDA:1,(anonymous_0)
FNDA:1,(anonymous_1)
DA:10,1
DA:11,1
DA:12,1
DA:16,1
DA:17,1
LF:5
LH:5
BRF:0
BRH:0
end_of_record
TN:
SF:src/Routers/users.route.ts
FN:11,(anonymous_0)
FN:17,(anonymous_1)
FNF:2
FNH:2
FNDA:1,(anonymous_0)
FNDA:1,(anonymous_1)
DA:9,1
DA:12,1
DA:13,1
DA:14,1
DA:18,1
DA:19,1
LF:6
LH:6
BRF:0
BRH:0
end_of_record
TN:
SF:src/Schemas/users.schema.ts
FNF:0
FNH:0
DA:5,1
DA:7,1
LF:2
LH:2
BRF:0
BRH:0
end_of_record
TN:
SF:src/Services/users.service.ts
FN:5,(anonymous_7)
FN:8,(anonymous_8)
FN:8,(anonymous_9)
FN:15,(anonymous_10)
FN:15,(anonymous_11)
FN:23,(anonymous_12)
FN:23,(anonymous_13)
FN:28,(anonymous_14)
FN:37,(anonymous_15)
FNF:9
FNH:9
FNDA:1,(anonymous_7)
FNDA:2,(anonymous_8)
FNDA:2,(anonymous_9)
FNDA:2,(anonymous_10)
FNDA:2,(anonymous_11)
FNDA:2,(anonymous_12)
FNDA:2,(anonymous_13)
FNDA:2,(anonymous_14)
FNDA:4,(anonymous_15)
DA:6,1
DA:8,2
DA:9,2
DA:10,2
DA:11,1
DA:12,1
DA:15,2
DA:16,2
DA:18,2
DA:19,2
DA:20,1
DA:23,2
DA:24,2
DA:25,1
DA:28,1
DA:29,2
DA:31,2
DA:32,2
DA:34,2
DA:37,1
DA:38,4
DA:39,4
DA:41,4
DA:43,4
DA:44,4
DA:45,38
DA:46,38
DA:49,4
DA:50,4
DA:51,4
DA:52,4
DA:53,0
LF:32
LH:31
BRDA:19,0,0,1
BRDA:19,0,1,1
BRDA:24,1,0,1
BRDA:24,1,1,1
BRDA:38,2,0,2
BRDA:38,2,1,2
BRDA:39,3,0,2
BRDA:39,3,1,2
BRDA:41,4,0,0
BRDA:51,5,0,2
BRDA:51,5,1,2
BRDA:52,6,0,0
BRF:12
BRH:10
end_of_record
